This is pdfTeX, Version 3.14159265-2.6-1.40.16 (TeX Live 2015/Debian) (preloaded format=pdflatex 2018.4.21)  21 APR 2018 08:10
entering extended mode
 restricted \write18 enabled.
 %&-line parsing enabled.
**poster2016.tex
(./poster2016.tex
LaTeX2e <2016/02/01>
Babel <3.9q> and hyphenation patterns for 5 language(s) loaded.
(./baposter.cls
Document Class: baposter 2010/06/10 v1.04 baposter class
(/usr/share/texlive/texmf-dist/tex/latex/base/article.cls
Document Class: article 2014/09/29 v1.4h Standard LaTeX document class
(/usr/share/texlive/texmf-dist/tex/latex/base/size10.clo
File: size10.clo 2014/09/29 v1.4h Standard LaTeX file (size option)
)
\c@part=\count79
\c@section=\count80
\c@subsection=\count81
\c@subsubsection=\count82
\c@paragraph=\count83
\c@subparagraph=\count84
\c@figure=\count85
\c@table=\count86
\abovecaptionskip=\skip41
\belowcaptionskip=\skip42
\bibindent=\dimen102
)
baposter: Brian Amberg, 2007, 2008, 2009 | http://www.brian-amberg.de/uni/poste
r/
\baposter@basepaperwidth=\skip43
\baposter@basepaperheight=\skip44
\baposter@basemargin=\skip45
\headerheight=\skip46
\colwidth=\skip47
\colheight=\skip48
\baposter@@colspacing=\skip49
\boxstartx=\skip50
\boxstarty=\skip51
\boxwidth=\skip52
\boxheight=\skip53
\baposter@titleimage@left@width=\skip54
\baposter@titleimage@right@width=\skip55
\baposter@titleimage@textwidth=\skip56
\baposter@content=\box26
\baposter@titleimage@left=\box27
\baposter@titleimage@title=\box28
\baposter@titleimage@right=\box29
Use Packages
(./xkeyval.sty
Package: xkeyval 2008/08/13 v2.6a package option processing (HA)
 (./xkeyval.tex
\XKV@toks=\toks14
\XKV@tempa@toks=\toks15
\XKV@depth=\count87
File: xkeyval.tex 2008/08/13 v2.6a key=value parser (HA)
 (./keyval.tex)))
(/usr/share/texlive/texmf-dist/tex/latex/tools/calc.sty
Package: calc 2014/10/28 v4.3 Infix arithmetic (KKT,FJ)
\calc@Acount=\count88
\calc@Bcount=\count89
\calc@Adimen=\dimen103
\calc@Bdimen=\dimen104
\calc@Askip=\skip57
\calc@Bskip=\skip58
LaTeX Info: Redefining \setlength on input line 80.
LaTeX Info: Redefining \addtolength on input line 81.
\calc@Ccount=\count90
\calc@Cskip=\skip59
) (./xcolor.sty
Package: xcolor 2007/01/21 v2.11 LaTeX color extensions (UK)

(/usr/share/texlive/texmf-dist/tex/latex/latexconfig/color.cfg
File: color.cfg 2007/01/18 v1.5 color configuration of teTeX/TeXLive
)
Package xcolor Info: Driver file: pdftex.def on input line 225.

(/usr/share/texlive/texmf-dist/tex/latex/pdftex-def/pdftex.def
File: pdftex.def 2011/05/27 v0.06d Graphics/color for pdfTeX

(/usr/share/texlive/texmf-dist/tex/generic/oberdiek/infwarerr.sty
Package: infwarerr 2010/04/08 v1.3 Providing info/warning/error messages (HO)
)
(/usr/share/texlive/texmf-dist/tex/generic/oberdiek/ltxcmds.sty
Package: ltxcmds 2011/11/09 v1.22 LaTeX kernel commands for general use (HO)
)
\Gread@gobject=\count91
)
Package xcolor Info: Model `cmy' substituted by `cmy0' on input line 1337.
Package xcolor Info: Model `hsb' substituted by `rgb' on input line 1341.
Package xcolor Info: Model `RGB' extended on input line 1353.
Package xcolor Info: Model `HTML' substituted by `rgb' on input line 1355.
Package xcolor Info: Model `Hsb' substituted by `hsb' on input line 1356.
Package xcolor Info: Model `tHsb' substituted by `hsb' on input line 1357.
Package xcolor Info: Model `HSB' substituted by `hsb' on input line 1358.
Package xcolor Info: Model `Gray' substituted by `gray' on input line 1359.
Package xcolor Info: Model `wave' substituted by `hsb' on input line 1360.
) (./tikz.sty
(./pgf.sty (./pgfrcs.sty (./pgfutil-common.tex
\pgfutil@everybye=\toks16
) (./pgfutil-latex.def)
(./pgfrcs.code.tex
Package: pgfrcs 2008/02/20 v2.00 (rcs-revision 1.21)
))
Package: pgf 2008/01/15 v2.00 (rcs-revision 1.12)
 (./pgfcore.sty
(/usr/share/texlive/texmf-dist/tex/latex/graphics/graphicx.sty
Package: graphicx 2014/10/28 v1.0g Enhanced LaTeX Graphics (DPC,SPQR)

(/usr/share/texlive/texmf-dist/tex/latex/graphics/graphics.sty
Package: graphics 2016/01/03 v1.0q Standard LaTeX Graphics (DPC,SPQR)

(/usr/share/texlive/texmf-dist/tex/latex/graphics/trig.sty
Package: trig 2016/01/03 v1.10 sin cos tan (DPC)
)
(/usr/share/texlive/texmf-dist/tex/latex/latexconfig/graphics.cfg
File: graphics.cfg 2010/04/23 v1.9 graphics configuration of TeX Live
)
Package graphics Info: Driver file: pdftex.def on input line 95.
)
\Gin@req@height=\dimen105
\Gin@req@width=\dimen106
)
(./pgfsys.sty (./pgfsys.code.tex
Package: pgfsys 2008/02/07 v2.00 (rcs-revision 1.31)
 (./pgfkeys.code.tex
\pgfkeys@pathtoks=\toks17
\pgfkeys@temptoks=\toks18
)
\pgf@x=\dimen107
\pgf@y=\dimen108
\pgf@xa=\dimen109
\pgf@ya=\dimen110
\pgf@xb=\dimen111
\pgf@yb=\dimen112
\pgf@xc=\dimen113
\pgf@yc=\dimen114
\c@pgf@counta=\count92
\c@pgf@countb=\count93
\c@pgf@countc=\count94
\c@pgf@countd=\count95
 (./pgf.cfg
File: pgf.cfg 2008/01/13  (rcs-revision 1.6)
)
Package pgfsys Info: Driver file for pgf: pgfsys-pdftex.def on input line 885.

(./pgfsys-pdftex.def
File: pgfsys-pdftex.def 2007/12/20  (rcs-revision 1.20)
 (./pgfsys-common-pdf.def
File: pgfsys-common-pdf.def 2007/12/17  (rcs-revision 1.8)
))) (./pgfsyssoftpath.code.tex
File: pgfsyssoftpath.code.tex 2008/01/23  (rcs-revision 1.6)
\pgfsyssoftpath@smallbuffer@items=\count96
\pgfsyssoftpath@bigbuffer@items=\count97
)
(./pgfsysprotocol.code.tex
File: pgfsysprotocol.code.tex 2006/10/16  (rcs-revision 1.4)
)) (./pgfcore.code.tex
Package: pgfcore 2008/01/15 v2.00 (rcs-revision 1.6)
 (./pgfmath.code.tex
(./pgfmathcalc.code.tex (./pgfmathutil.code.tex
\pgfmath@box=\box30
) (./pgfmathparser.code.tex
\pgfmath@stack=\toks19
\c@pgfmath@parsecounta=\count98
\c@pgfmath@parsecountb=\count99
\c@pgfmath@parsecountc=\count100
\pgfmath@parsex=\dimen115
)
(./pgfmathoperations.code.tex (./pgfmathtrig.code.tex) (./pgfmathrnd.code.tex))
(./pgfmathbase.code.tex))) (./pgfcorepoints.code.tex
File: pgfcorepoints.code.tex 2008/02/03  (rcs-revision 1.13)
\pgf@picminx=\dimen116
\pgf@picmaxx=\dimen117
\pgf@picminy=\dimen118
\pgf@picmaxy=\dimen119
\pgf@pathminx=\dimen120
\pgf@pathmaxx=\dimen121
\pgf@pathminy=\dimen122
\pgf@pathmaxy=\dimen123
\pgf@xx=\dimen124
\pgf@xy=\dimen125
\pgf@yx=\dimen126
\pgf@yy=\dimen127
\pgf@zx=\dimen128
\pgf@zy=\dimen129
)
(./pgfcorepathconstruct.code.tex
File: pgfcorepathconstruct.code.tex 2008/02/13  (rcs-revision 1.14)
\pgf@path@lastx=\dimen130
\pgf@path@lasty=\dimen131
) (./pgfcorepathusage.code.tex
File: pgfcorepathusage.code.tex 2008/01/23  (rcs-revision 1.11)
\pgf@shorten@end@additional=\dimen132
\pgf@shorten@start@additional=\dimen133
)
(./pgfcorescopes.code.tex
File: pgfcorescopes.code.tex 2008/01/15  (rcs-revision 1.26)
\pgfpic=\box31
\pgf@hbox=\box32
\pgf@layerbox@main=\box33
\pgf@picture@serial@count=\count101
) (./pgfcoregraphicstate.code.tex
File: pgfcoregraphicstate.code.tex 2007/12/12  (rcs-revision 1.8)
\pgflinewidth=\dimen134
)
(./pgfcoretransformations.code.tex
File: pgfcoretransformations.code.tex 2008/02/04  (rcs-revision 1.10)
\pgf@pt@x=\dimen135
\pgf@pt@y=\dimen136
\pgf@pt@temp=\dimen137
) (./pgfcorequick.code.tex
File: pgfcorequick.code.tex 2006/10/11  (rcs-revision 1.2)
)
(./pgfcoreobjects.code.tex
File: pgfcoreobjects.code.tex 2006/10/11  (rcs-revision 1.2)
) (./pgfcorepathprocessing.code.tex
File: pgfcorepathprocessing.code.tex 2008/01/23  (rcs-revision 1.7)
)
(./pgfcorearrows.code.tex
File: pgfcorearrows.code.tex 2007/06/07  (rcs-revision 1.8)
) (./pgfcoreshade.code.tex
File: pgfcoreshade.code.tex 2007/12/10  (rcs-revision 1.9)
\pgf@max=\dimen138
\pgf@sys@shading@range@num=\count102
) (./pgfcoreimage.code.tex
File: pgfcoreimage.code.tex 2008/01/15  (rcs-revision 1.1)
\pgfexternal@startupbox=\box34
)
(./pgfcorelayers.code.tex
File: pgfcorelayers.code.tex 2008/01/15  (rcs-revision 1.1)
) (./pgfcoretransparency.code.tex
File: pgfcoretransparency.code.tex 2008/01/17  (rcs-revision 1.2)
)
(./pgfcorepatterns.code.tex
File: pgfcorepatterns.code.tex 2008/01/15  (rcs-revision 1.1)
))) (./pgfmoduleshapes.code.tex
File: pgfmoduleshapes.code.tex 2008/02/13  (rcs-revision 1.4)
\pgfnodeparttextbox=\box35
\toks@savedmacro=\toks20
)
(./pgfmoduleplot.code.tex
File: pgfmoduleplot.code.tex 2008/01/15  (rcs-revision 1.1)
\pgf@plotwrite=\write3
) (./pgfcomp-version-0-65.sty
Package: pgfcomp-version-0-65 2007/07/03 v2.00 (rcs-revision 1.7)
\pgf@nodesepstart=\dimen139
\pgf@nodesepend=\dimen140
)
(./pgfcomp-version-1-18.sty
Package: pgfcomp-version-1-18 2007/07/23 v2.00 (rcs-revision 1.1)
)) (./pgffor.sty (./pgffor.code.tex
Package: pgffor 2007/11/07 v2.00 (rcs-revision 1.8)
\pgffor@iter=\dimen141
\pgffor@skip=\dimen142
))
(./tikz.code.tex
Package: tikz 2008/02/13 v2.00 (rcs-revision 1.27)
 (./pgflibraryplothandlers.code.tex
File: pgflibraryplothandlers.code.tex 2007/03/09 v2.00 (rcs-revision 1.9)
\pgf@plot@mark@count=\count103
\pgfplotmarksize=\dimen143
)
\tikz@lastx=\dimen144
\tikz@lasty=\dimen145
\tikz@lastxsaved=\dimen146
\tikz@lastysaved=\dimen147
\tikzleveldistance=\dimen148
\tikzsiblingdistance=\dimen149
\tikz@figbox=\box36
\tikz@tempbox=\box37
\tikztreelevel=\count104
\tikznumberofchildren=\count105
\tikznumberofcurrentchild=\count106
\tikz@fig@count=\count107

(./pgfmodulematrix.code.tex
File: pgfmodulematrix.code.tex 2008/01/15  (rcs-revision 1.1)
\pgfmatrixcurrentrow=\count108
\pgfmatrixcurrentcolumn=\count109
\pgf@matrix@numberofcolumns=\count110
)
\tikz@expandcount=\count111
 (./tikzlibrarytopaths.code.tex
File: tikzlibrarytopaths.code.tex 2008/01/09 v2.00 (rcs-revision 1.1)
)))
(/usr/share/texlive/texmf-dist/tex/latex/base/ifthen.sty
Package: ifthen 2014/09/29 v1.1c Standard LaTeX ifthen package (DPC)
)
(/usr/share/texlive/texmf-dist/tex/latex/base/fontenc.sty
Package: fontenc 2005/09/27 v1.99g Standard LaTeX package

(/usr/share/texlive/texmf-dist/tex/latex/base/t1enc.def
File: t1enc.def 2005/09/27 v1.99g Standard LaTeX file
LaTeX Font Info:    Redeclaring font encoding T1 on input line 48.
))
(./tikzlibrarydecorations.code.tex (./pgfmoduledecorations.code.tex
\pgfdecoratedcompleteddistance=\dimen150
\pgfdecoratedremainingdistance=\dimen151
\pgfdecoratedinputsegmentcompleteddistance=\dimen152
\pgfdecoratedinputsegmentremainingdistance=\dimen153
\pgf@decorate@distancetomove=\dimen154
\pgf@decorate@repeatstate=\count112
\pgfdecorationsegmentamplitude=\dimen155
\pgfdecorationsegmentlength=\dimen156
))
Setup
Zoom
\baposter@movebody=\skip60
\baposter@basemarginright=\skip61
\baposter@basemarginleft=\skip62
(/usr/share/texlive/texmf-dist/tex/latex/geometry/geometry.sty
Package: geometry 2010/09/12 v5.6 Page Geometry

(/usr/share/texlive/texmf-dist/tex/generic/oberdiek/ifpdf.sty
Package: ifpdf 2011/01/30 v2.3 Provides the ifpdf switch (HO)
Package ifpdf Info: pdfTeX in PDF mode is detected.
)
(/usr/share/texlive/texmf-dist/tex/generic/oberdiek/ifvtex.sty
Package: ifvtex 2010/03/01 v1.5 Detect VTeX and its facilities (HO)
Package ifvtex Info: VTeX not detected.
)
(/usr/share/texlive/texmf-dist/tex/generic/ifxetex/ifxetex.sty
Package: ifxetex 2010/09/12 v0.6 Provides ifxetex conditional
)
\Gm@cnth=\count113
\Gm@cntv=\count114
\c@Gm@tempcnt=\count115
\Gm@bindingoffset=\dimen157
\Gm@wd@mp=\dimen158
\Gm@odd@mp=\dimen159
\Gm@even@mp=\dimen160
\Gm@layoutwidth=\dimen161
\Gm@layoutheight=\dimen162
\Gm@layouthoffset=\dimen163
\Gm@layoutvoffset=\dimen164
\Gm@dimlist=\toks21
)
(./pgfpages.sty
Package: pgfpages 2004/11/05 ver 0.01
\pgf@logicalpages=\count116
\pgf@firstshipout=\count117
\pgf@lastshipout=\count118
\pgf@currentshipout=\count119
\pgf@cpn=\count120
\pgf@shipoutnextto=\count121
\pgfphysicalheight=\dimen165
\pgfphysicalwidth=\dimen166
\pgfpages@shipoutbox=\box38
)
\pgfpages@box@1=\box39

Keys
) (/usr/share/texlive/texmf-dist/tex/latex/psnfss/times.sty
Package: times 2005/04/12 PSNFSS-v9.2a (SPQR) 
)
(/usr/share/texlive/texmf-dist/tex/latex/amsmath/amsmath.sty
Package: amsmath 2016/03/03 v2.15a AMS math features
\@mathmargin=\skip63

For additional information on amsmath, use the `?' option.
(/usr/share/texlive/texmf-dist/tex/latex/amsmath/amstext.sty
Package: amstext 2000/06/29 v2.01 AMS text

(/usr/share/texlive/texmf-dist/tex/latex/amsmath/amsgen.sty
File: amsgen.sty 1999/11/30 v2.0 generic functions
\@emptytoks=\toks22
\ex@=\dimen167
))
(/usr/share/texlive/texmf-dist/tex/latex/amsmath/amsbsy.sty
Package: amsbsy 1999/11/29 v1.2d Bold Symbols
\pmbraise@=\dimen168
)
(/usr/share/texlive/texmf-dist/tex/latex/amsmath/amsopn.sty
Package: amsopn 1999/12/14 v2.01 operator names
)
\inf@bad=\count122
LaTeX Info: Redefining \frac on input line 199.
\uproot@=\count123
\leftroot@=\count124
LaTeX Info: Redefining \overline on input line 297.
\classnum@=\count125
\DOTSCASE@=\count126
LaTeX Info: Redefining \ldots on input line 394.
LaTeX Info: Redefining \dots on input line 397.
LaTeX Info: Redefining \cdots on input line 518.
\Mathstrutbox@=\box40
\strutbox@=\box41
\big@size=\dimen169
LaTeX Font Info:    Redeclaring font encoding OML on input line 630.
LaTeX Font Info:    Redeclaring font encoding OMS on input line 631.
\macc@depth=\count127
\c@MaxMatrixCols=\count128
\dotsspace@=\muskip10
\c@parentequation=\count129
\dspbrk@lvl=\count130
\tag@help=\toks23
\row@=\count131
\column@=\count132
\maxfields@=\count133
\andhelp@=\toks24
\eqnshift@=\dimen170
\alignsep@=\dimen171
\tagshift@=\dimen172
\tagwidth@=\dimen173
\totwidth@=\dimen174
\lineht@=\dimen175
\@envbody=\toks25
\multlinegap=\skip64
\multlinetaggap=\skip65
\mathdisplay@stack=\toks26
LaTeX Info: Redefining \[ on input line 2735.
LaTeX Info: Redefining \] on input line 2736.
)
(/usr/share/texlive/texmf-dist/tex/latex/amsfonts/amssymb.sty
Package: amssymb 2013/01/14 v3.01 AMS font symbols

(/usr/share/texlive/texmf-dist/tex/latex/amsfonts/amsfonts.sty
Package: amsfonts 2013/01/14 v3.01 Basic AMSFonts support
\symAMSa=\mathgroup4
\symAMSb=\mathgroup5
LaTeX Font Info:    Overwriting math alphabet `\mathfrak' in version `bold'
(Font)                  U/euf/m/n --> U/euf/b/n on input line 106.
))
(/usr/share/texlive/texmf-dist/tex/latex/relsize/relsize.sty
Package: relsize 2013/03/29 ver 4.1
)
(/usr/share/texlive/texmf-dist/tex/latex/multirow/multirow.sty
\bigstrutjot=\dimen176
)
(/usr/share/texlive/texmf-dist/tex/latex/tools/bm.sty
Package: bm 2014/10/28 v1.1c Bold Symbol Support (DPC/FMi)
\symboldoperators=\mathgroup6
\symboldletters=\mathgroup7
\symboldsymbols=\mathgroup8
LaTeX Font Info:    Redeclaring math alphabet \mathbf on input line 141.
LaTeX Info: Redefining \bm on input line 207.
)
(/usr/share/texlive/texmf-dist/tex/latex/tools/multicol.sty
Package: multicol 2015/08/19 v1.8n multicolumn formatting (FMi)
\c@tracingmulticols=\count134
\mult@box=\box42
\multicol@leftmargin=\dimen177
\c@unbalance=\count135
\c@collectmore=\count136
\doublecol@number=\count137
\multicoltolerance=\count138
\multicolpretolerance=\count139
\full@width=\dimen178
\page@free=\dimen179
\premulticols=\dimen180
\postmulticols=\dimen181
\multicolsep=\skip66
\multicolbaselineskip=\skip67
\partial@page=\box43
\last@line=\box44
\maxbalancingoverflow=\dimen182
\mult@rightbox=\box45
\mult@grightbox=\box46
\mult@gfirstbox=\box47
\mult@firstbox=\box48
\@tempa=\box49
\@tempa=\box50
\@tempa=\box51
\@tempa=\box52
\@tempa=\box53
\@tempa=\box54
\@tempa=\box55
\@tempa=\box56
\@tempa=\box57
\@tempa=\box58
\@tempa=\box59
\@tempa=\box60
\@tempa=\box61
\@tempa=\box62
\@tempa=\box63
\@tempa=\box64
\@tempa=\box65
\c@columnbadness=\count140
\c@finalcolumnbadness=\count141
\last@try=\dimen183
\multicolovershoot=\dimen184
\multicolundershoot=\dimen185
\mult@nat@firstbox=\box66
\colbreak@box=\box67
\mc@col@check@num=\count142
)
(./pgfbaselayers.sty

Package pgf Warning: This package is obsolete and no longer needed on input lin
e 13.

)
\pgf@layerbox@background=\box68
\pgf@layerboxsaved@background=\box69
\pgf@layerbox@foreground=\box70
\pgf@layerboxsaved@foreground=\box71
 (/usr/share/texlive/texmf-dist/tex/latex/psnfss/helvet.sty
Package: helvet 2005/04/12 PSNFSS-v9.2a (WaS) 
)
(/usr/share/texlive/texmf-dist/tex/latex/psnfss/palatino.sty
Package: palatino 2005/04/12 PSNFSS-v9.2a (SPQR) 
)

LaTeX Warning: Unused global option(s):
    [final].

(./poster2016.aux)
\openout1 = `poster2016.aux'.

LaTeX Font Info:    Checking defaults for OML/cmm/m/it on input line 74.
LaTeX Font Info:    ... okay on input line 74.
LaTeX Font Info:    Checking defaults for T1/cmr/m/n on input line 74.
LaTeX Font Info:    ... okay on input line 74.
LaTeX Font Info:    Checking defaults for OT1/cmr/m/n on input line 74.
LaTeX Font Info:    ... okay on input line 74.
LaTeX Font Info:    Checking defaults for OMS/cmsy/m/n on input line 74.
LaTeX Font Info:    ... okay on input line 74.
LaTeX Font Info:    Checking defaults for OMX/cmex/m/n on input line 74.
LaTeX Font Info:    ... okay on input line 74.
LaTeX Font Info:    Checking defaults for U/cmr/m/n on input line 74.
LaTeX Font Info:    ... okay on input line 74.
LaTeX Font Info:    Try loading font information for T1+ppl on input line 74.
 (/usr/share/texlive/texmf-dist/tex/latex/psnfss/t1ppl.fd
File: t1ppl.fd 2001/06/04 font definitions for T1/ppl.
)
(/usr/share/texlive/texmf-dist/tex/context/base/supp-pdf.mkii
[Loading MPS to PDF converter (version 2006.09.02).]
\scratchcounter=\count143
\scratchdimen=\dimen186
\scratchbox=\box72
\nofMPsegments=\count144
\nofMParguments=\count145
\everyMPshowfont=\toks27
\MPscratchCnt=\count146
\MPscratchDim=\dimen187
\MPnumerator=\count147
\makeMPintoPDFobject=\count148
\everyMPtoPDFconversion=\toks28
) (/usr/share/texlive/texmf-dist/tex/generic/oberdiek/pdftexcmds.sty
Package: pdftexcmds 2011/11/29 v0.20 Utility functions of pdfTeX for LuaTeX (HO
)

(/usr/share/texlive/texmf-dist/tex/generic/oberdiek/ifluatex.sty
Package: ifluatex 2010/03/01 v1.3 Provides the ifluatex switch (HO)
Package ifluatex Info: LuaTeX not detected.
)
Package pdftexcmds Info: LuaTeX not detected.
Package pdftexcmds Info: \pdf@primitive is available.
Package pdftexcmds Info: \pdf@ifprimitive is available.
Package pdftexcmds Info: \pdfdraftmode found.
)
(/usr/share/texlive/texmf-dist/tex/latex/oberdiek/epstopdf-base.sty
Package: epstopdf-base 2010/02/09 v2.5 Base part for package epstopdf

(/usr/share/texlive/texmf-dist/tex/latex/oberdiek/grfext.sty
Package: grfext 2010/08/19 v1.1 Manage graphics extensions (HO)

(/usr/share/texlive/texmf-dist/tex/generic/oberdiek/kvdefinekeys.sty
Package: kvdefinekeys 2011/04/07 v1.3 Define keys (HO)
))
(/usr/share/texlive/texmf-dist/tex/latex/oberdiek/kvoptions.sty
Package: kvoptions 2011/06/30 v3.11 Key value format for package options (HO)

(/usr/share/texlive/texmf-dist/tex/generic/oberdiek/kvsetkeys.sty
Package: kvsetkeys 2012/04/25 v1.16 Key value parser (HO)

(/usr/share/texlive/texmf-dist/tex/generic/oberdiek/etexcmds.sty
Package: etexcmds 2011/02/16 v1.5 Avoid name clashes with e-TeX commands (HO)
Package etexcmds Info: Could not find \expanded.
(etexcmds)             That can mean that you are not using pdfTeX 1.50 or
(etexcmds)             that some package has redefined \expanded.
(etexcmds)             In the latter case, load this package earlier.
)))
Package grfext Info: Graphics extension search list:
(grfext)             [.png,.pdf,.jpg,.mps,.jpeg,.jbig2,.jb2,.PNG,.PDF,.JPG,.JPE
G,.JBIG2,.JB2,.eps]
(grfext)             \AppendGraphicsExtensions on input line 452.

(/usr/share/texlive/texmf-dist/tex/latex/latexconfig/epstopdf-sys.cfg
File: epstopdf-sys.cfg 2010/07/13 v1.3 Configuration of (r)epstopdf for TeX Liv
e
))
*geometry* driver: auto-detecting
*geometry* detected driver: pdftex
*geometry* verbose mode - [ preamble ] result:
* driver: pdftex
* paper: custom
* layout: <same size as paper>
* layoutoffset:(h,v)=(0.0pt,0.0pt)
* modes: 
* h-part:(L,W,R)=(12.46262pt, 672.64948pt, 12.46262pt)
* v-part:(T,H,B)=(12.46262pt, 962.28088pt, 12.46262pt)
* \paperwidth=697.5747pt
* \paperheight=987.20612pt
* \textwidth=672.64948pt
* \textheight=962.28088pt
* \oddsidemargin=-59.80737pt
* \evensidemargin=-59.80737pt
* \topmargin=-96.80737pt
* \headheight=12.0pt
* \headsep=25.0pt
* \topskip=10.0pt
* \footskip=30.0pt
* \marginparwidth=65.0pt
* \marginparsep=11.0pt
* \columnsep=6.99826pt
* \skip\footins=9.0pt plus 4.0pt minus 2.0pt
* \hoffset=0.0pt
* \voffset=0.0pt
* \mag=1000
* \@twocolumnfalse
* \@twosidefalse
* \@mparswitchfalse
* \@reversemarginfalse
* (1in=72.27pt=25.4mm, 1cm=28.453pt)

\GPT@outputbox=\box73
Poster Starts
Format
Columns: 3
1
2
3
BAPOSTER: Using plain background.
Eyecatcher found!
Package epstopdf Info: Source file: <logo_fcen.eps>
(epstopdf)                    date: 2011-07-06 15:56:32
(epstopdf)                    size: 357757 bytes
(epstopdf)             Output file: <logo_fcen-eps-converted-to.pdf>
(epstopdf)                    date: 2015-08-04 08:59:22
(epstopdf)                    size: 148177 bytes
(epstopdf)             Command: <repstopdf --outfile=logo_fcen-eps-converted-to
.pdf logo_fcen.eps>
(epstopdf)             \includegraphics on input line 169.
Package epstopdf Info: Output file is already uptodate.
<logo_fcen-eps-converted-to.pdf, id=5, 558.085pt x 538.01pt>
File: logo_fcen-eps-converted-to.pdf Graphic file (type pdf)

<use logo_fcen-eps-converted-to.pdf>
Package pdftex.def Info: logo_fcen-eps-converted-to.pdf used on input line 169.

(pdftex.def)             Requested size: 67.41864pt x 65.0pt.
LaTeX Font Info:    Try loading font information for U+msa on input line 169.

(/usr/share/texlive/texmf-dist/tex/latex/amsfonts/umsa.fd
File: umsa.fd 2013/01/14 v3.01 AMS symbols A
)
LaTeX Font Info:    Try loading font information for U+msb on input line 169.

(/usr/share/texlive/texmf-dist/tex/latex/amsfonts/umsb.fd
File: umsb.fd 2013/01/14 v3.01 AMS symbols B
)
Package epstopdf Info: Source file: <uba3.eps>
(epstopdf)                    date: 2011-07-22 08:52:04
(epstopdf)                    size: 634677 bytes
(epstopdf)             Output file: <uba3-eps-converted-to.pdf>
(epstopdf)                    date: 2015-08-04 08:59:26
(epstopdf)                    size: 311637 bytes
(epstopdf)             Command: <repstopdf --outfile=uba3-eps-converted-to.pdf 
uba3.eps>
(epstopdf)             \includegraphics on input line 169.
Package epstopdf Info: Output file is already uptodate.

<uba3-eps-converted-to.pdf, id=6, 575.14874pt x 575.14874pt>
File: uba3-eps-converted-to.pdf Graphic file (type pdf)

<use uba3-eps-converted-to.pdf>
Package pdftex.def Info: uba3-eps-converted-to.pdf used on input line 169.
(pdftex.def)             Requested size: 54.99951pt x 55.0pt.

\sf \leavevmode{\color {mydarkblue}Self-propelled particles: evacuation through
 two doors \\} \vspace {3mm} \leavevmode{\color {mydarkblue}\relax \fontsize {1
4.4}{18}\selectfont \nullfont Ignacio Sticco, Guillermo Frank \& Claudio Dorso 
{\relax \fontsize {12}{14}\selectfont \nullfont (codorso\leavevmode{\color {ora
nge!90!black}@}df.uba.ar)} }
LaTeX Font Info:    Font shape `T1/ppl/bx/n' in size <10> not available
(Font)              Font shape `T1/ppl/b/n' tried instead on input line 169.
LaTeX Font Info:    Font shape `T1/ppl/bx/n' in size <24.88> not available
(Font)              Font shape `T1/ppl/b/n' tried instead on input line 169.
LaTeX Font Info:    Try loading font information for T1+phv on input line 169.
(/usr/share/texlive/texmf-dist/tex/latex/psnfss/t1phv.fd
File: t1phv.fd 2001/06/04 scalable font definitions for T1/phv.
)
name=contribution,column=0,span=3,row=0
Setting Coordinates
Upper Right
contribution
Fixed
Lower Left
Above=not set
height=auto or fixed
Fixing Coordinates
Header-Shade: Plain
Box-Shade: plain
Missing character: There is no ; in font nullfont!
Missing character: There is no ; in font nullfont!
Header
Header-Shape: roundedright
Sidebars
Drawing Text
name=model,column=0,below=contribution,span=1.5
Package epstopdf Info: Source file: <./figures2/fig_poster_1.eps>
(epstopdf)                    date: 2016-08-13 18:44:09
(epstopdf)                    size: 751822 bytes
(epstopdf)             Output file: <./figures2/fig_poster_1-eps-converted-to.p
df>
(epstopdf)                    date: 2016-11-01 17:41:14
(epstopdf)                    size: 215137 bytes
(epstopdf)             Command: <repstopdf --outfile=./figures2/fig_poster_1-ep
s-converted-to.pdf ./figures2/fig_poster_1.eps>
(epstopdf)             \includegraphics on input line 252.
Package epstopdf Info: Output file is already uptodate.

<./figures2/fig_poster_1-eps-converted-to.pdf, id=7, 1028.84375pt x 1028.84375p
t>
File: ./figures2/fig_poster_1-eps-converted-to.pdf Graphic file (type pdf)
 <use ./figures2/fig_poster_1-eps-converted-to.pdf>
Package pdftex.def Info: ./figures2/fig_poster_1-eps-converted-to.pdf used on i
nput line 252.
(pdftex.def)             Requested size: 133.75438pt x 133.75438pt.
Package epstopdf Info: Source file: <./figures2/fig_poster_2.eps>
(epstopdf)                    date: 2016-08-13 18:47:38
(epstopdf)                    size: 671581 bytes
(epstopdf)             Output file: <./figures2/fig_poster_2-eps-converted-to.p
df>
(epstopdf)                    date: 2016-11-01 17:41:22
(epstopdf)                    size: 190735 bytes
(epstopdf)             Command: <repstopdf --outfile=./figures2/fig_poster_2-ep
s-converted-to.pdf ./figures2/fig_poster_2.eps>
(epstopdf)             \includegraphics on input line 252.
Package epstopdf Info: Output file is already uptodate.

<./figures2/fig_poster_2-eps-converted-to.pdf, id=8, 1028.84375pt x 1028.84375p
t>
File: ./figures2/fig_poster_2-eps-converted-to.pdf Graphic file (type pdf)
 <use ./figures2/fig_poster_2-eps-converted-to.pdf>
Package pdftex.def Info: ./figures2/fig_poster_2-eps-converted-to.pdf used on i
nput line 252.
(pdftex.def)             Requested size: 133.75438pt x 133.75438pt.
LaTeX Font Info:    Font shape `T1/ppl/bx/n' in size <17.28> not available
(Font)              Font shape `T1/ppl/b/n' tried instead on input line 252.
LaTeX Font Info:    Font shape `T1/ppl/bx/n' in size <14.4> not available
(Font)              Font shape `T1/ppl/b/n' tried instead on input line 252.
LaTeX Font Info:    Try loading font information for OMS+ppl on input line 252.


(/usr/share/texlive/texmf-dist/tex/latex/psnfss/omsppl.fd
File: omsppl.fd 
)
LaTeX Font Info:    Font shape `OMS/ppl/m/n' in size <14.4> not available
(Font)              Font shape `OMS/cmsy/m/n' tried instead on input line 252.

Overfull \hbox (6.36887pt too wide) in paragraph at lines 252--252
[]|  []
 []


Underfull \hbox (badness 10000) in paragraph at lines 252--252

 []


Underfull \hbox (badness 10000) in paragraph at lines 252--252

 []

Setting Coordinates
Upper Right
model
Below
Lower Left
Above=not set
height=auto or fixed
Fixing Coordinates
Header-Shade: Plain
Box-Shade: plain
Missing character: There is no ; in font nullfont!
Missing character: There is no ; in font nullfont!
Header
Header-Shape: roundedright
Sidebars
Drawing Text
name=topics,column=0,span=1.5,below=model
Package epstopdf Info: Source file: <./figures2/fig16_version0.eps>
(epstopdf)                    date: 2016-11-03 00:06:12
(epstopdf)                    size: 130407 bytes
(epstopdf)             Output file: <./figures2/fig16_version0-eps-converted-to
.pdf>
(epstopdf)                    date: 2016-11-03 00:14:36
(epstopdf)                    size: 13043 bytes
(epstopdf)             Command: <repstopdf --outfile=./figures2/fig16_version0-
eps-converted-to.pdf ./figures2/fig16_version0.eps>
(epstopdf)             \includegraphics on input line 283.
Package epstopdf Info: Output file is already uptodate.

<./figures2/fig16_version0-eps-converted-to.pdf, id=9, 228.855pt x 161.60374pt>
File: ./figures2/fig16_version0-eps-converted-to.pdf Graphic file (type pdf)
<use ./figures2/fig16_version0-eps-converted-to.pdf>
Package pdftex.def Info: ./figures2/fig16_version0-eps-converted-to.pdf used on
 input line 283.
(pdftex.def)             Requested size: 164.77547pt x 116.3546pt.

Overfull \hbox (4.1156pt too wide) in paragraph at lines 283--283
[] 
 []

Package epstopdf Info: Source file: <./figures2/fig17_version0.eps>
(epstopdf)                    date: 2016-11-03 00:06:47
(epstopdf)                    size: 129607 bytes
(epstopdf)             Output file: <./figures2/fig17_version0-eps-converted-to
.pdf>
(epstopdf)                    date: 2016-11-03 00:14:40
(epstopdf)                    size: 12764 bytes
(epstopdf)             Command: <repstopdf --outfile=./figures2/fig17_version0-
eps-converted-to.pdf ./figures2/fig17_version0.eps>
(epstopdf)             \includegraphics on input line 283.
Package epstopdf Info: Output file is already uptodate.

<./figures2/fig17_version0-eps-converted-to.pdf, id=10, 228.855pt x 161.60374pt
>
File: ./figures2/fig17_version0-eps-converted-to.pdf Graphic file (type pdf)
 <use ./figures2/fig17_version0-eps-converted-to.pdf>
Package pdftex.def Info: ./figures2/fig17_version0-eps-converted-to.pdf used on
 input line 283.
(pdftex.def)             Requested size: 162.48817pt x 114.73946pt.

Overfull \hbox (1.82831pt too wide) in paragraph at lines 283--283
[] 
 []


Overfull \hbox (2.73602pt too wide) in paragraph at lines 283--283
[]$[]$ $[]$ 
 []


Underfull \hbox (badness 10000) in paragraph at lines 283--283

 []

Setting Coordinates
Upper Right
topics
Below
Lower Left
Above=not set
height=auto or fixed
Fixing Coordinates
Header-Shade: Plain
Box-Shade: plain
Missing character: There is no ; in font nullfont!
Missing character: There is no ; in font nullfont!
Header
Header-Shape: roundedright
Sidebars
Drawing Text
name=results,below=contribution,column=1.5,span=1.5,row=0
Package epstopdf Info: Source file: <./figures2/fig1_version0.eps>
(epstopdf)                    date: 2016-11-02 23:45:18
(epstopdf)                    size: 154036 bytes
(epstopdf)             Output file: <./figures2/fig1_version0-eps-converted-to.
pdf>
(epstopdf)                    date: 2016-11-03 00:14:45
(epstopdf)                    size: 20690 bytes
(epstopdf)             Command: <repstopdf --outfile=./figures2/fig1_version0-e
ps-converted-to.pdf ./figures2/fig1_version0.eps>
(epstopdf)             \includegraphics on input line 318.
Package epstopdf Info: Output file is already uptodate.

<./figures2/fig1_version0-eps-converted-to.pdf, id=11, 224.84pt x 165.61874pt>
File: ./figures2/fig1_version0-eps-converted-to.pdf Graphic file (type pdf)

<use ./figures2/fig1_version0-eps-converted-to.pdf>
Package pdftex.def Info: ./figures2/fig1_version0-eps-converted-to.pdf used on 
input line 318.
(pdftex.def)             Requested size: 179.87224pt x 132.49516pt.
Package epstopdf Info: Source file: <./figures2/fig12_version0.eps>
(epstopdf)                    date: 2016-11-02 21:05:47
(epstopdf)                    size: 120805 bytes
(epstopdf)             Output file: <./figures2/fig12_version0-eps-converted-to
.pdf>
(epstopdf)                    date: 2016-11-02 21:07:12
(epstopdf)                    size: 10391 bytes
(epstopdf)             Command: <repstopdf --outfile=./figures2/fig12_version0-
eps-converted-to.pdf ./figures2/fig12_version0.eps>
(epstopdf)             \includegraphics on input line 318.
Package epstopdf Info: Output file is already uptodate.

<./figures2/fig12_version0-eps-converted-to.pdf, id=12, 223.83624pt x 161.60374
pt>
File: ./figures2/fig12_version0-eps-converted-to.pdf Graphic file (type pdf)
 <use ./figures2/fig12_version0-eps-converted-to.pdf>
Package pdftex.def Info: ./figures2/fig12_version0-eps-converted-to.pdf used on
 input line 318.
(pdftex.def)             Requested size: 179.06923pt x 129.28316pt.

Overfull \hbox (35.27934pt too wide) in paragraph at lines 318--318
[][] 
 []


Overfull \hbox (34.47633pt too wide) in paragraph at lines 318--318
[] 
 []


Underfull \hbox (badness 10000) in paragraph at lines 318--318

 []

Setting Coordinates
Upper Right
results
Below
Lower Left
Above=not set
height=auto or fixed
Fixing Coordinates
Header-Shade: Plain
Box-Shade: plain
Missing character: There is no ; in font nullfont!
Missing character: There is no ; in font nullfont!
Header
Header-Shape: roundedright
Sidebars
Drawing Text
name=questions,column=1.5,span=1.5,below=results

Underfull \hbox (badness 1454) in paragraph at lines 343--343
[]\T1/ppl/m/n/14.4 Short sep-a-ra-tion dis-tances (Gap $\OMS/cmsy/m/n/14.4 ' \O
T1/cmr/m/n/14.4 1\OML/cmm/m/it/14.4 :\OT1/cmr/m/n/14.4 2$ \T1/ppl/m/n/14.4 m)
 []


Underfull \hbox (badness 1502) in paragraph at lines 343--343
\T1/ppl/m/n/14.4 worsen the evac-u-a-tion per-for-mance for all
 []


Underfull \hbox (badness 1057) in paragraph at lines 343--343
\T1/ppl/m/n/14.4 (from the null dis-tance), the prob-a-bil-ity of
 []

Setting Coordinates
Upper Right
questions
Below
Lower Left
Above=not set
height=auto or fixed
Fixing Coordinates
Header-Shade: Plain
Box-Shade: plain
Missing character: There is no ; in font nullfont!
Missing character: There is no ; in font nullfont!
Header
Header-Shape: roundedright
Sidebars
Drawing Text
name=Acknowledgements,column=0, span=3,above=bottom,below=topics
Setting Coordinates
Upper Right
Acknowledgements
Below
Lower Left
Above bottom
Fixing Coordinates
Header-Shade: Plain
Box-Shade: plain
Missing character: There is no ; in font nullfont!
Missing character: There is no ; in font nullfont!
Header
Header-Shape: roundedright
Sidebars
Drawing Text
[2

{/var/lib/texmf/fonts/map/pdftex/updmap/pdftex.map} <./logo_fcen-eps-converted-
to.pdf> <./uba3-eps-converted-to.pdf> <./figures2/fig_poster_1-eps-converted-to
.pdf> <./figures2/fig_poster_2-eps-converted-to.pdf> <./figures2/fig16_version0
-eps-converted-to.pdf> <./figures2/fig17_version0-eps-converted-to.pdf> <./figu
res2/fig1_version0-eps-converted-to.pdf> <./figures2/fig12_version0-eps-convert
ed-to.pdf>] (./poster2016.aux) ) 
Here is how much of TeX's memory you used:
 11286 strings out of 494910
 191248 string characters out of 6179836
 299362 words of memory out of 5000000
 14291 multiletter control sequences out of 15000+600000
 35574 words of font info for 78 fonts, out of 8000000 for 9000
 36 hyphenation exceptions out of 8191
 54i,18n,58p,618b,941s stack positions out of 5000i,500n,10000p,200000b,80000s
{/usr/share/texlive/texmf-dist/fonts/enc/dvips/
base/8r.enc}</usr/share/texlive/texmf-dist/fonts/type1/public/amsfonts/cm/cmbx1
0.pfb></usr/share/texlive/texmf-dist/fonts/type1/public/amsfonts/cm/cmbx12.pfb>
</usr/share/texlive/texmf-dist/fonts/type1/public/amsfonts/cm/cmmi10.pfb></usr/
share/texlive/texmf-dist/fonts/type1/public/amsfonts/cm/cmmi12.pfb></usr/share/
texlive/texmf-dist/fonts/type1/public/amsfonts/cm/cmr10.pfb></usr/share/texlive
/texmf-dist/fonts/type1/public/amsfonts/cm/cmr12.pfb></usr/share/texlive/texmf-
dist/fonts/type1/public/amsfonts/cm/cmr17.pfb></usr/share/texlive/texmf-dist/fo
nts/type1/public/amsfonts/cm/cmsy10.pfb></usr/share/texlive/texmf-dist/fonts/ty
pe1/public/amsfonts/symbols/msam10.pfb></usr/share/texlive/texmf-dist/fonts/typ
e1/urw/helvetic/uhvr8a.pfb></usr/share/texlive/texmf-dist/fonts/type1/urw/ncntr
sbk/uncr8a.pfb></usr/share/texlive/texmf-dist/fonts/type1/urw/palatino/uplb8a.p
fb></usr/share/texlive/texmf-dist/fonts/type1/urw/palatino/uplr8a.pfb>
Output written on poster2016.pdf (1 page, 1020484 bytes).
PDF statistics:
 111 PDF objects out of 1000 (max. 8388607)
 82 compressed objects within 1 object stream
 0 named destinations out of 1000 (max. 500000)
 53 words of extra memory for PDF output out of 10000 (max. 10000000)

